{
  "RSpec": {
    "coverage": {
      "/home/runner/work/cs-uy-4513-f25-team7/cs-uy-4513-f25-team7/lib/identity/lockout_tracker.rb": {
        "lines": [
          1,
          1,
          1,
          4,
          4,
          4,
          4,
          null,
          null,
          1,
          19,
          null,
          19,
          19,
          2,
          2,
          null,
          17,
          null,
          null,
          null,
          1,
          58,
          58,
          null,
          3,
          1,
          1,
          1,
          null,
          2,
          null,
          null,
          null,
          1,
          36,
          36,
          36,
          null,
          null,
          1,
          null,
          1,
          5,
          null,
          null,
          null
        ],
        "branches": {
          "[:if, 0, 11, 6, 11, 35]": {
            "[:then, 1, 11, 6, 11, 17]": 0,
            "[:else, 2, 11, 6, 11, 35]": 19
          },
          "[:if, 3, 14, 6, 19, 9]": {
            "[:then, 4, 15, 8, 16, 12]": 2,
            "[:else, 5, 18, 8, 18, 13]": 17
          },
          "[:unless, 6, 24, 6, 24, 36]": {
            "[:else, 7, 24, 6, 24, 36]": 3,
            "[:then, 8, 24, 6, 24, 18]": 55
          },
          "[:if, 9, 26, 6, 32, 9]": {
            "[:then, 10, 27, 8, 29, 13]": 1,
            "[:else, 11, 31, 8, 31, 12]": 2
          }
        }
      },
      "/home/runner/work/cs-uy-4513-f25-team7/cs-uy-4513-f25-team7/app/channels/application_cable/channel.rb": {
        "lines": [
          1,
          1,
          null,
          null
        ],
        "branches": {}
      },
      "/home/runner/work/cs-uy-4513-f25-team7/cs-uy-4513-f25-team7/app/channels/application_cable/connection.rb": {
        "lines": [
          1,
          1,
          null,
          null
        ],
        "branches": {}
      },
      "/home/runner/work/cs-uy-4513-f25-team7/cs-uy-4513-f25-team7/app/controllers/accounts_controller.rb": {
        "lines": [
          1,
          1,
          1,
          null,
          null,
          1,
          null,
          1,
          null,
          null,
          1,
          1,
          1,
          null,
          0,
          0,
          null,
          null,
          null,
          1,
          0,
          null,
          null,
          1,
          2,
          1,
          1,
          null,
          0,
          0,
          null,
          null,
          1,
          1,
          null,
          null,
          null,
          1,
          null,
          1,
          1,
          null,
          null,
          1,
          null,
          3,
          1,
          null,
          null,
          null
        ],
        "branches": {
          "[:if, 0, 12, 4, 17, 7]": {
            "[:then, 1, 13, 6, 13, 86]": 1,
            "[:else, 2, 15, 6, 16, 50]": 0
          },
          "[:if, 3, 25, 4, 35, 7]": {
            "[:then, 4, 26, 6, 31, 9]": 1,
            "[:else, 5, 33, 6, 34, 57]": 1
          },
          "[:if, 6, 26, 6, 31, 9]": {
            "[:then, 7, 27, 8, 27, 85]": 1,
            "[:else, 8, 29, 8, 30, 59]": 0
          },
          "[:if, 9, 46, 4, 48, 7]": {
            "[:then, 10, 47, 6, 47, 81]": 1,
            "[:else, 11, 46, 4, 48, 7]": 2
          }
        }
      },
      "/home/runner/work/cs-uy-4513-f25-team7/cs-uy-4513-f25-team7/app/controllers/application_controller.rb": {
        "lines": [
          1,
          1,
          null,
          1,
          272,
          null,
          null,
          1,
          89,
          null,
          null,
          null,
          1,
          null,
          37,
          null,
          0,
          null,
          null,
          null,
          1,
          24,
          null,
          null,
          null,
          1,
          0,
          null,
          0,
          null,
          null,
          null,
          null,
          1,
          0,
          0,
          null,
          null,
          null,
          null,
          1,
          0,
          0,
          null,
          null,
          null,
          null,
          1,
          0,
          null,
          1,
          0,
          null,
          0,
          0,
          null,
          null
        ],
        "branches": {
          "[:if, 0, 15, 4, 15, 29]": {
            "[:then, 1, 15, 4, 15, 10]": 37,
            "[:else, 2, 15, 4, 15, 29]": 0
          },
          "[:unless, 3, 17, 4, 17, 60]": {
            "[:else, 4, 17, 4, 17, 60]": 0,
            "[:then, 5, 17, 4, 17, 37]": 0
          },
          "[:\"&.\", 6, 27, 11, 27, 35]": {
            "[:then, 7, 27, 11, 27, 35]": 0,
            "[:else, 8, 27, 11, 27, 35]": 0
          },
          "[:unless, 9, 27, 4, 30, 7]": {
            "[:else, 10, 27, 4, 30, 7]": 0,
            "[:then, 11, 29, 6, 29, 52]": 0
          },
          "[:\"&.\", 12, 35, 11, 35, 31]": {
            "[:then, 13, 35, 11, 35, 31]": 0,
            "[:else, 14, 35, 11, 35, 31]": 0
          },
          "[:unless, 15, 35, 4, 37, 7]": {
            "[:else, 16, 35, 4, 37, 7]": 0,
            "[:then, 17, 36, 6, 36, 52]": 0
          },
          "[:\"&.\", 18, 42, 11, 42, 35]": {
            "[:then, 19, 42, 11, 42, 35]": 0,
            "[:else, 20, 42, 11, 42, 35]": 0
          },
          "[:\"&.\", 21, 42, 39, 42, 59]": {
            "[:then, 22, 42, 39, 42, 59]": 0,
            "[:else, 23, 42, 39, 42, 59]": 0
          },
          "[:unless, 24, 42, 4, 44, 7]": {
            "[:else, 25, 42, 4, 44, 7]": 0,
            "[:then, 26, 43, 6, 43, 52]": 0
          },
          "[:if, 27, 52, 4, 52, 29]": {
            "[:then, 28, 52, 4, 52, 10]": 0,
            "[:else, 29, 52, 4, 52, 29]": 0
          }
        }
      },
      "/home/runner/work/cs-uy-4513-f25-team7/cs-uy-4513-f25-team7/app/helpers/application_helper.rb": {
        "lines": [
          1,
          null,
          1,
          23,
          23,
          null,
          null,
          null,
          1,
          23,
          null,
          null
        ],
        "branches": {
          "[:unless, 0, 4, 4, 4, 35]": {
            "[:else, 1, 4, 4, 4, 35]": 23,
            "[:then, 2, 4, 4, 4, 12]": 0
          }
        }
      },
      "/home/runner/work/cs-uy-4513-f25-team7/cs-uy-4513-f25-team7/app/controllers/comments_controller.rb": {
        "lines": [
          1,
          1,
          1,
          null,
          1,
          0,
          0,
          null,
          0,
          0,
          null,
          0,
          0,
          null,
          null,
          null,
          1,
          0,
          null,
          0,
          0,
          0,
          null,
          0,
          null,
          null,
          null,
          1,
          null,
          1,
          0,
          0,
          null,
          null,
          1,
          0,
          null,
          null,
          1,
          0,
          null,
          null,
          null
        ],
        "branches": {
          "[:if, 0, 9, 4, 14, 7]": {
            "[:then, 1, 10, 6, 10, 50]": 0,
            "[:else, 2, 12, 6, 13, 23]": 0
          },
          "[:if, 3, 20, 4, 25, 7]": {
            "[:then, 4, 21, 6, 22, 68]": 0,
            "[:else, 5, 24, 6, 24, 80]": 0
          },
          "[:unless, 6, 31, 4, 31, 36]": {
            "[:else, 7, 31, 4, 31, 36]": 0,
            "[:then, 8, 31, 4, 31, 16]": 0
          }
        }
      },
      "/home/runner/work/cs-uy-4513-f25-team7/cs-uy-4513-f25-team7/app/controllers/fake_post_store.rb": {
        "lines": [
          null,
          1,
          1,
          null,
          1,
          6,
          null,
          null,
          1,
          17,
          null,
          null,
          1,
          4,
          null,
          null
        ],
        "branches": {}
      },
      "/home/runner/work/cs-uy-4513-f25-team7/cs-uy-4513-f25-team7/app/controllers/favorites_controller.rb": {
        "lines": [
          1,
          1,
          1,
          null,
          1,
          0,
          null,
          null,
          1,
          2,
          2,
          null,
          2,
          2,
          1,
          1,
          null,
          null,
          1,
          1,
          1,
          1,
          null,
          0,
          null,
          null,
          null,
          1,
          0,
          0,
          0,
          null,
          null,
          1,
          null,
          1,
          0,
          null,
          null,
          1,
          2,
          2,
          2,
          null,
          2,
          2,
          null,
          2,
          null,
          null,
          1,
          1,
          1,
          1,
          null,
          1,
          null,
          null,
          1,
          2,
          null,
          2,
          null,
          0,
          null,
          null,
          1,
          3,
          null,
          1,
          1,
          null,
          null
        ],
        "branches": {
          "[:unless, 0, 11, 4, 11, 102]": {
            "[:else, 1, 11, 4, 11, 102]": 2,
            "[:then, 2, 11, 4, 11, 83]": 0
          },
          "[:if, 3, 14, 4, 17, 7]": {
            "[:then, 4, 15, 6, 16, 12]": 1,
            "[:else, 5, 14, 4, 17, 7]": 1
          },
          "[:if, 6, 20, 4, 25, 7]": {
            "[:then, 7, 21, 6, 22, 94]": 1,
            "[:else, 8, 24, 6, 24, 123]": 0
          },
          "[:unless, 9, 43, 4, 43, 46]": {
            "[:else, 10, 43, 4, 43, 46]": 2,
            "[:then, 11, 43, 4, 43, 10]": 0
          },
          "[:unless, 12, 46, 4, 46, 46]": {
            "[:else, 13, 46, 4, 46, 46]": 2,
            "[:then, 14, 46, 4, 46, 10]": 0
          },
          "[:unless, 15, 52, 4, 52, 49]": {
            "[:else, 16, 52, 4, 52, 49]": 1,
            "[:then, 17, 52, 4, 52, 10]": 0
          },
          "[:if, 18, 54, 4, 54, 35]": {
            "[:then, 19, 54, 4, 54, 10]": 0,
            "[:else, 20, 54, 4, 54, 35]": 1
          },
          "[:unless, 21, 60, 4, 60, 53]": {
            "[:else, 22, 60, 4, 60, 53]": 2,
            "[:then, 23, 60, 4, 60, 25]": 0
          },
          "[:if, 24, 68, 4, 68, 29]": {
            "[:then, 25, 68, 4, 68, 10]": 2,
            "[:else, 26, 68, 4, 68, 29]": 1
          }
        }
      },
      "/home/runner/work/cs-uy-4513-f25-team7/cs-uy-4513-f25-team7/app/controllers/feed_controller.rb": {
        "lines": [
          null,
          null,
          null,
          null,
          1,
          1,
          null,
          4,
          null,
          null,
          4,
          null,
          4,
          null,
          null,
          null,
          2,
          null,
          null,
          2,
          null,
          null,
          null,
          2,
          1,
          null,
          1,
          null,
          null,
          null,
          2,
          2,
          0,
          null,
          null,
          null,
          0,
          0,
          0,
          0,
          null,
          null,
          null,
          null,
          null,
          2,
          2,
          null,
          null,
          null,
          null,
          null,
          0,
          null,
          null,
          null,
          null,
          2,
          null,
          null,
          null,
          null,
          null,
          2,
          1,
          null,
          1,
          null,
          null,
          null,
          4,
          1,
          null,
          null,
          1,
          3,
          null,
          0,
          null,
          null,
          1,
          null,
          null,
          3,
          17,
          null,
          null,
          3,
          null,
          null,
          null,
          1,
          null,
          null,
          null,
          1,
          2,
          2,
          null,
          1,
          null,
          1,
          1,
          null,
          null,
          null,
          null,
          null,
          null,
          null,
          null,
          null,
          null,
          null,
          null,
          null,
          null,
          null,
          null,
          null,
          null,
          null,
          null,
          null,
          null,
          null,
          null,
          null,
          null,
          null,
          null,
          null,
          null,
          null,
          null,
          null,
          null,
          null,
          null,
          null,
          null,
          null,
          null,
          null,
          null,
          null,
          null,
          null,
          null,
          null,
          null,
          null,
          null,
          null,
          null,
          null,
          null,
          null,
          null,
          null,
          null,
          null,
          null,
          null,
          null,
          null,
          null,
          null,
          null,
          null,
          null,
          null,
          null,
          null,
          null,
          null,
          null,
          null,
          null,
          null,
          null,
          null,
          null,
          null,
          null,
          null,
          null,
          null,
          null,
          null,
          null,
          null,
          null,
          null,
          null,
          null,
          null,
          null,
          null,
          null,
          null,
          null,
          null,
          null,
          null,
          null,
          null,
          null,
          null,
          null,
          null,
          null,
          null,
          null,
          null,
          null,
          null,
          null,
          null,
          null,
          null,
          null,
          null,
          null,
          null,
          null,
          null,
          null,
          null,
          null,
          null,
          null,
          null,
          null,
          null,
          null,
          null,
          null,
          null,
          null,
          null,
          null,
          null,
          null,
          null,
          null,
          null,
          null,
          null,
          null,
          null,
          null,
          null,
          null,
          null,
          null,
          null,
          null,
          null,
          null,
          null,
          null,
          null,
          null,
          null,
          null,
          null,
          null,
          null,
          null,
          null,
          null,
          null,
          null,
          null,
          null,
          null,
          null,
          null,
          null,
          null,
          null,
          null,
          null,
          null,
          null,
          null,
          null,
          null,
          null,
          null,
          null,
          null,
          null,
          null,
          null,
          null,
          null,
          null,
          null,
          null,
          null,
          null,
          null,
          null,
          null,
          null,
          null,
          null,
          null,
          null,
          null,
          null,
          null,
          null,
          null,
          null,
          null,
          null,
          null,
          null,
          null,
          null,
          null,
          null,
          null,
          null,
          null,
          null,
          null,
          null,
          null,
          null,
          null,
          null,
          null,
          null,
          null,
          null,
          null,
          null,
          null,
          null,
          null,
          null,
          null,
          null,
          null,
          null,
          null,
          null,
          null,
          null,
          null,
          null,
          null,
          null,
          null,
          null,
          null,
          null,
          null,
          null,
          null,
          null,
          null,
          null,
          null,
          null,
          null,
          null,
          null,
          null,
          null,
          null,
          null,
          null,
          null,
          null,
          null,
          null,
          null,
          null,
          null,
          null,
          null,
          null,
          null,
          null,
          null,
          null,
          null,
          null,
          null,
          null,
          null,
          null,
          null,
          null,
          null,
          null,
          null,
          null,
          null,
          null,
          null,
          null,
          null,
          null,
          null,
          null,
          null,
          null,
          null,
          null,
          null,
          null,
          null,
          null,
          null,
          null,
          null,
          null,
          null,
          null,
          null,
          null,
          null,
          null,
          null,
          null,
          null,
          null,
          null,
          null,
          null,
          null,
          null,
          null,
          null,
          null,
          null,
          null,
          null,
          null,
          null,
          null,
          null,
          null,
          null,
          null,
          null,
          null,
          null
        ],
        "branches": {
          "[:\"&.\", 0, 8, 66, 8, 82]": {
            "[:then, 1, 8, 66, 8, 82]": 2,
            "[:else, 2, 8, 66, 8, 82]": 2
          },
          "[:unless, 3, 13, 4, 69, 7]": {
            "[:else, 4, 13, 4, 69, 7]": 2,
            "[:then, 5, 17, 6, 68, 11]": 2
          },
          "[:\"&.\", 6, 17, 19, 17, 42]": {
            "[:then, 7, 17, 19, 17, 42]": 2,
            "[:else, 8, 17, 19, 17, 42]": 0
          },
          "[:\"&.\", 9, 17, 19, 17, 54]": {
            "[:then, 10, 17, 19, 17, 54]": 2,
            "[:else, 11, 17, 19, 17, 54]": 0
          },
          "[:if, 12, 24, 8, 28, 11]": {
            "[:then, 13, 25, 10, 25, 58]": 1,
            "[:else, 14, 27, 10, 27, 12]": 1
          },
          "[:if, 15, 32, 6, 42, 9]": {
            "[:then, 16, 33, 8, 41, 11]": 0,
            "[:else, 17, 32, 6, 42, 9]": 2
          },
          "[:if, 18, 37, 8, 41, 11]": {
            "[:then, 19, 38, 10, 40, 53]": 0,
            "[:else, 20, 37, 8, 41, 11]": 0
          },
          "[:if, 21, 39, 10, 39, 91]": {
            "[:then, 22, 39, 10, 39, 75]": 0,
            "[:else, 23, 39, 10, 39, 91]": 0
          },
          "[:if, 24, 46, 8, 54, 11]": {
            "[:then, 25, 47, 10, 51, 33]": 2,
            "[:else, 26, 53, 10, 53, 12]": 0
          },
          "[:if, 27, 64, 8, 68, 11]": {
            "[:then, 28, 65, 10, 65, 44]": 1,
            "[:else, 29, 67, 10, 67, 25]": 1
          },
          "[:if, 30, 71, 4, 89, 7]": {
            "[:then, 31, 72, 6, 81, 34]": 1,
            "[:else, 32, 84, 6, 88, 58]": 3
          },
          "[:if, 33, 75, 6, 79, 9]": {
            "[:then, 34, 76, 8, 76, 79]": 1,
            "[:else, 35, 78, 8, 78, 51]": 0
          },
          "[:if, 36, 97, 4, 104, 7]": {
            "[:then, 37, 98, 6, 100, 47]": 1,
            "[:else, 38, 102, 6, 103, 54]": 1
          }
        }
      },
      "/home/runner/work/cs-uy-4513-f25-team7/cs-uy-4513-f25-team7/app/controllers/follows_controller.rb": {
        "lines": [
          1,
          null,
          1,
          null,
          1,
          null,
          1,
          1,
          1,
          null,
          1,
          1,
          1,
          null,
          1,
          null,
          null,
          1,
          1,
          1,
          null,
          1,
          1,
          1,
          null,
          1,
          null,
          null,
          null,
          null,
          1,
          9,
          9,
          null,
          null,
          1,
          7,
          null,
          null,
          null,
          1,
          4,
          7,
          null,
          null,
          null,
          1,
          21,
          11,
          null,
          null,
          1,
          5,
          5,
          5,
          null,
          null,
          1,
          2,
          null,
          null,
          null
        ],
        "branches": {
          "[:\"&.\", 0, 9, 14, 9, 30]": {
            "[:then, 1, 9, 14, 9, 30]": 0,
            "[:else, 2, 9, 14, 9, 30]": 1
          },
          "[:unless, 3, 11, 4, 14, 7]": {
            "[:else, 4, 11, 4, 14, 7]": 0,
            "[:then, 5, 12, 6, 13, 25]": 1
          },
          "[:\"&.\", 6, 20, 14, 20, 30]": {
            "[:then, 7, 20, 14, 20, 30]": 0,
            "[:else, 8, 20, 14, 20, 30]": 1
          },
          "[:if, 9, 22, 4, 25, 7]": {
            "[:then, 10, 23, 6, 24, 47]": 1,
            "[:else, 11, 22, 4, 25, 7]": 0
          },
          "[:if, 12, 24, 6, 24, 47]": {
            "[:then, 13, 24, 6, 24, 25]": 1,
            "[:else, 14, 24, 6, 24, 47]": 0
          }
        }
      },
      "/home/runner/work/cs-uy-4513-f25-team7/cs-uy-4513-f25-team7/app/controllers/home_controller.rb": {
        "lines": [
          1,
          1,
          4,
          null,
          4,
          4,
          null,
          4,
          null,
          4,
          4,
          null,
          null,
          0,
          null,
          null,
          null,
          null,
          null
        ],
        "branches": {
          "[:\"&.\", 0, 3, 13, 3, 32]": {
            "[:then, 1, 3, 13, 3, 32]": 4,
            "[:else, 2, 3, 13, 3, 32]": 0
          },
          "[:\"&.\", 3, 3, 13, 3, 58]": {
            "[:then, 4, 3, 13, 3, 58]": 4,
            "[:else, 5, 3, 13, 3, 58]": 0
          },
          "[:unless, 6, 8, 4, 8, 33]": {
            "[:else, 7, 8, 4, 8, 33]": 4,
            "[:then, 8, 8, 4, 8, 10]": 0
          },
          "[:if, 9, 11, 4, 11, 32]": {
            "[:then, 10, 11, 4, 11, 10]": 4,
            "[:else, 11, 11, 4, 11, 32]": 0
          }
        }
      },
      "/home/runner/work/cs-uy-4513-f25-team7/cs-uy-4513-f25-team7/app/controllers/messages_controller.rb": {
        "lines": [
          null,
          1,
          null,
          1,
          null,
          1,
          null,
          2,
          1,
          1,
          null,
          null,
          1,
          null,
          null,
          null,
          null,
          null,
          1,
          1,
          0,
          0,
          null,
          null,
          1,
          null,
          null,
          1,
          1,
          null,
          null,
          null,
          1,
          3,
          1,
          1,
          null,
          null,
          2,
          null,
          null,
          2,
          1,
          1,
          null,
          null,
          null,
          1,
          null,
          null,
          1,
          3,
          1,
          1,
          null,
          null,
          2,
          2,
          null,
          null,
          2,
          2,
          null,
          0,
          0,
          null,
          null,
          2,
          2,
          null,
          2,
          0,
          0,
          2,
          null,
          null,
          1,
          null,
          1,
          null,
          null,
          null,
          1,
          null,
          1,
          null,
          4,
          null,
          null,
          null,
          null
        ],
        "branches": {
          "[:unless, 0, 8, 4, 11, 7]": {
            "[:else, 1, 8, 4, 11, 7]": 1,
            "[:then, 2, 9, 6, 10, 12]": 1
          },
          "[:unless, 3, 20, 4, 23, 7]": {
            "[:else, 4, 20, 4, 23, 7]": 1,
            "[:then, 5, 21, 6, 22, 12]": 0
          },
          "[:if, 6, 28, 4, 30, 7]": {
            "[:then, 7, 29, 6, 29, 66]": 1,
            "[:else, 8, 28, 4, 30, 7]": 0
          },
          "[:unless, 9, 34, 4, 37, 7]": {
            "[:else, 10, 34, 4, 37, 7]": 2,
            "[:then, 11, 35, 6, 36, 12]": 1
          },
          "[:unless, 12, 42, 4, 45, 7]": {
            "[:else, 13, 42, 4, 45, 7]": 1,
            "[:then, 14, 43, 6, 44, 12]": 1
          },
          "[:if, 15, 48, 4, 48, 61]": {
            "[:then, 16, 48, 4, 48, 23]": 1,
            "[:else, 17, 48, 4, 48, 61]": 0
          },
          "[:unless, 18, 52, 4, 55, 7]": {
            "[:else, 19, 52, 4, 55, 7]": 2,
            "[:then, 20, 53, 6, 54, 12]": 1
          },
          "[:if, 21, 61, 4, 66, 7]": {
            "[:then, 22, 62, 6, 62, 76]": 2,
            "[:else, 23, 64, 4, 65, 80]": 0
          },
          "[:if, 24, 64, 4, 65, 80]": {
            "[:then, 25, 65, 6, 65, 80]": 0,
            "[:else, 26, 64, 4, 65, 80]": 0
          },
          "[:if, 27, 71, 4, 80, 7]": {
            "[:then, 28, 72, 6, 73, 49]": 0,
            "[:else, 29, 74, 4, 79, 49]": 2
          },
          "[:if, 30, 74, 4, 79, 49]": {
            "[:then, 31, 77, 6, 77, 65]": 1,
            "[:else, 32, 79, 6, 79, 49]": 1
          }
        }
      },
      "/home/runner/work/cs-uy-4513-f25-team7/cs-uy-4513-f25-team7/app/controllers/notifications_controller.rb": {
        "lines": [
          1,
          1,
          null,
          1,
          0,
          0,
          0,
          null,
          null,
          1,
          null,
          1,
          0,
          null,
          null
        ],
        "branches": {}
      },
      "/home/runner/work/cs-uy-4513-f25-team7/cs-uy-4513-f25-team7/app/controllers/posts_controller.rb": {
        "lines": [
          1,
          1,
          null,
          1,
          0,
          0,
          null,
          null,
          null,
          0,
          null,
          null,
          null,
          null,
          null,
          null,
          1,
          0,
          0,
          0,
          null,
          null,
          1,
          0,
          null,
          null,
          1,
          2,
          2,
          0,
          null,
          2,
          null,
          null,
          1,
          0,
          null,
          0,
          0,
          0,
          null,
          0,
          null,
          null,
          null,
          1,
          null,
          1,
          0,
          0,
          null,
          null,
          1,
          2,
          null,
          null
        ],
        "branches": {
          "[:if, 0, 29, 4, 33, 7]": {
            "[:then, 1, 30, 6, 30, 65]": 0,
            "[:else, 2, 32, 6, 32, 49]": 2
          },
          "[:if, 3, 38, 4, 43, 7]": {
            "[:then, 4, 39, 6, 40, 70]": 0,
            "[:else, 5, 42, 6, 42, 77]": 0
          },
          "[:unless, 6, 49, 4, 49, 36]": {
            "[:else, 7, 49, 4, 49, 36]": 0,
            "[:then, 8, 49, 4, 49, 16]": 0
          }
        }
      },
      "/home/runner/work/cs-uy-4513-f25-team7/cs-uy-4513-f25-team7/app/controllers/reviews_controller.rb": {
        "lines": [
          null,
          1,
          1,
          1,
          1,
          null,
          1,
          4,
          4,
          null,
          4,
          null,
          2,
          2,
          null,
          null,
          null,
          null,
          null,
          null,
          2,
          null,
          2,
          null,
          null,
          null,
          1,
          0,
          0,
          null,
          null,
          null,
          1,
          2,
          1,
          null,
          null,
          1,
          1,
          null,
          0,
          null,
          null,
          null,
          1,
          null,
          4,
          1,
          null,
          null,
          3,
          null,
          2,
          null,
          2,
          2,
          null,
          null,
          null,
          null,
          null,
          null,
          2,
          null,
          null,
          1,
          1,
          null,
          null,
          null,
          1,
          null,
          1,
          10,
          null,
          null,
          1,
          6,
          null,
          null,
          1,
          5,
          null,
          null
        ],
        "branches": {
          "[:if, 0, 11, 4, 24, 7]": {
            "[:then, 1, 13, 6, 21, 65]": 2,
            "[:else, 2, 23, 6, 23, 72]": 2
          },
          "[:if, 3, 13, 6, 20, 9]": {
            "[:then, 4, 14, 8, 19, 9]": 2,
            "[:else, 5, 13, 6, 20, 9]": 0
          },
          "[:unless, 6, 28, 4, 30, 7]": {
            "[:else, 7, 28, 4, 30, 7]": 0,
            "[:then, 8, 29, 6, 29, 68]": 0
          },
          "[:unless, 9, 34, 4, 36, 7]": {
            "[:else, 10, 34, 4, 36, 7]": 1,
            "[:then, 11, 35, 6, 35, 75]": 1
          },
          "[:if, 12, 38, 4, 42, 7]": {
            "[:then, 13, 39, 6, 39, 63]": 1,
            "[:else, 14, 41, 6, 41, 50]": 0
          },
          "[:unless, 15, 47, 4, 49, 7]": {
            "[:else, 16, 47, 4, 49, 7]": 3,
            "[:then, 17, 48, 6, 48, 70]": 1
          },
          "[:if, 18, 51, 4, 68, 7]": {
            "[:then, 19, 53, 6, 63, 62]": 2,
            "[:else, 20, 66, 6, 67, 49]": 1
          },
          "[:if, 21, 55, 6, 62, 9]": {
            "[:then, 22, 56, 8, 61, 9]": 2,
            "[:else, 23, 55, 6, 62, 9]": 0
          }
        }
      },
      "/home/runner/work/cs-uy-4513-f25-team7/cs-uy-4513-f25-team7/app/controllers/sessions_controller.rb": {
        "lines": [
          1,
          1,
          1,
          null,
          1,
          null,
          1,
          null,
          1,
          36,
          36,
          36,
          null,
          36,
          null,
          36,
          35,
          null,
          35,
          1,
          1,
          null,
          34,
          34,
          null,
          null,
          1,
          1,
          1,
          null,
          null,
          null,
          1,
          0,
          0,
          null,
          null,
          1,
          2,
          2,
          0,
          0,
          null,
          null,
          2,
          2,
          null,
          2,
          0,
          0,
          null,
          null,
          2,
          2,
          null,
          2,
          2,
          2,
          2,
          2,
          2,
          null,
          2,
          2,
          2,
          2,
          null,
          null,
          1,
          1,
          1,
          null,
          null,
          1,
          null,
          1,
          0,
          0,
          null,
          null
        ],
        "branches": {
          "[:if, 0, 14, 4, 14, 58]": {
            "[:then, 1, 14, 4, 14, 24]": 0,
            "[:else, 2, 14, 4, 14, 58]": 36
          },
          "[:\"&.\", 3, 16, 7, 16, 35]": {
            "[:then, 4, 16, 7, 16, 35]": 35,
            "[:else, 5, 16, 7, 16, 35]": 1
          },
          "[:if, 6, 16, 4, 30, 7]": {
            "[:then, 7, 17, 6, 25, 9]": 35,
            "[:else, 8, 27, 6, 29, 40]": 1
          },
          "[:if, 9, 19, 6, 25, 9]": {
            "[:then, 10, 20, 8, 21, 79]": 1,
            "[:else, 11, 23, 8, 24, 50]": 34
          },
          "[:if, 12, 28, 26, 28, 105]": {
            "[:then, 13, 28, 35, 28, 75]": 0,
            "[:else, 14, 28, 78, 28, 105]": 1
          },
          "[:unless, 15, 40, 4, 43, 7]": {
            "[:else, 16, 40, 4, 43, 7]": 2,
            "[:then, 17, 41, 6, 42, 46]": 0
          },
          "[:unless, 18, 48, 4, 51, 7]": {
            "[:else, 19, 48, 4, 51, 7]": 2,
            "[:then, 20, 49, 6, 50, 46]": 0
          },
          "[:if, 21, 54, 4, 54, 60]": {
            "[:then, 22, 54, 4, 54, 40]": 1,
            "[:else, 23, 54, 4, 54, 60]": 1
          },
          "[:if, 24, 58, 4, 58, 65]": {
            "[:then, 25, 58, 4, 58, 38]": 2,
            "[:else, 26, 58, 4, 58, 65]": 0
          },
          "[:if, 27, 59, 4, 59, 89]": {
            "[:then, 28, 59, 4, 59, 54]": 2,
            "[:else, 29, 59, 4, 59, 89]": 0
          },
          "[:if, 30, 60, 4, 60, 86]": {
            "[:then, 31, 60, 4, 60, 63]": 2,
            "[:else, 32, 60, 4, 60, 86]": 0
          }
        }
      },
      "/home/runner/work/cs-uy-4513-f25-team7/cs-uy-4513-f25-team7/app/controllers/species_controller.rb": {
        "lines": [
          null,
          1,
          null,
          1,
          2,
          2,
          null,
          null,
          1,
          6,
          null,
          null,
          6,
          null,
          null,
          6,
          0,
          null,
          null,
          null,
          null,
          6,
          5,
          null,
          null,
          6,
          6,
          null,
          null,
          6,
          6,
          null,
          null,
          1,
          3,
          3,
          null,
          3,
          1,
          1,
          null,
          null,
          2,
          2,
          2,
          null,
          2,
          1,
          null,
          null,
          1,
          1,
          1,
          1,
          1,
          1,
          null,
          null,
          null,
          1,
          null,
          1,
          2,
          null,
          null
        ],
        "branches": {
          "[:if, 0, 6, 15, 6, 44]": {
            "[:then, 1, 6, 32, 6, 39]": 2,
            "[:else, 2, 6, 42, 6, 44]": 0
          },
          "[:if, 3, 16, 4, 18, 7]": {
            "[:then, 4, 17, 6, 17, 72]": 0,
            "[:else, 5, 16, 4, 18, 7]": 6
          },
          "[:\"&.\", 6, 22, 9, 22, 33]": {
            "[:then, 7, 22, 9, 22, 33]": 5,
            "[:else, 8, 22, 9, 22, 33]": 1
          },
          "[:if, 9, 22, 6, 24, 9]": {
            "[:then, 10, 23, 8, 23, 113]": 5,
            "[:else, 11, 22, 6, 24, 9]": 1
          },
          "[:\"&.\", 12, 26, 65, 26, 81]": {
            "[:then, 13, 26, 65, 26, 81]": 0,
            "[:else, 14, 26, 65, 26, 81]": 6
          },
          "[:if, 15, 30, 13, 30, 118]": {
            "[:then, 16, 30, 28, 30, 113]": 5,
            "[:else, 17, 30, 116, 30, 118]": 1
          },
          "[:if, 18, 31, 4, 31, 70]": {
            "[:then, 19, 31, 4, 31, 51]": 0,
            "[:else, 20, 31, 4, 31, 70]": 6
          },
          "[:if, 21, 38, 4, 41, 7]": {
            "[:then, 22, 39, 6, 40, 12]": 1,
            "[:else, 23, 38, 4, 41, 7]": 2
          },
          "[:if, 24, 47, 4, 57, 7]": {
            "[:then, 25, 48, 6, 48, 73]": 1,
            "[:else, 26, 51, 6, 56, 18]": 1
          },
          "[:\"&.\", 27, 51, 129, 51, 153]": {
            "[:then, 28, 51, 129, 51, 153]": 1,
            "[:else, 29, 51, 129, 51, 153]": 0
          },
          "[:if, 30, 51, 6, 51, 153]": {
            "[:then, 31, 51, 6, 51, 125]": 1,
            "[:else, 32, 51, 6, 51, 153]": 0
          },
          "[:\"&.\", 33, 52, 67, 52, 83]": {
            "[:then, 34, 52, 67, 52, 83]": 1,
            "[:else, 35, 52, 67, 52, 83]": 0
          }
        }
      },
      "/home/runner/work/cs-uy-4513-f25-team7/cs-uy-4513-f25-team7/app/controllers/teams_controller.rb": {
        "lines": [
          1,
          1,
          null,
          1,
          1,
          null,
          null,
          null,
          1,
          null,
          null,
          1,
          0,
          0,
          0,
          null,
          null,
          1,
          1,
          1,
          1,
          null,
          1,
          null,
          1,
          null,
          0,
          0,
          0,
          null,
          null,
          1,
          1,
          1,
          null,
          1,
          1,
          1,
          1,
          null,
          0,
          0,
          null,
          null,
          null,
          null,
          0,
          null,
          0,
          0,
          0,
          0,
          null,
          null,
          0,
          0,
          null,
          0,
          0,
          null,
          null,
          0,
          0,
          0,
          0,
          null,
          null,
          null,
          0,
          0,
          null,
          0,
          0,
          null,
          null,
          0,
          0,
          null,
          null,
          0,
          0,
          null,
          null,
          null,
          1,
          1,
          1,
          null,
          null,
          1,
          0,
          0,
          null,
          null,
          1,
          0,
          0,
          0,
          null,
          0,
          null,
          0,
          null,
          0,
          0,
          0,
          null,
          null,
          0,
          0,
          0,
          null,
          0,
          0,
          0,
          0,
          null,
          0,
          0,
          null,
          null,
          null,
          0,
          null,
          0,
          0,
          0,
          0,
          null,
          0,
          0,
          null,
          0,
          0,
          null,
          null,
          0,
          0,
          0,
          0,
          null,
          null,
          null,
          0,
          0,
          null,
          0,
          0,
          null,
          null,
          0,
          0,
          null,
          null,
          0,
          0,
          null,
          null,
          null,
          1,
          null,
          1,
          3,
          3,
          6,
          null,
          null,
          null,
          1,
          1,
          null,
          null,
          null,
          null,
          null,
          null,
          null,
          null,
          null,
          null,
          null,
          null,
          null,
          null,
          null,
          null,
          null,
          null,
          null,
          null,
          null,
          null,
          null,
          null
        ],
        "branches": {
          "[:if, 0, 20, 2, 20, 72]": {
            "[:then, 1, 20, 2, 20, 27]": 0,
            "[:else, 2, 20, 2, 20, 72]": 1
          },
          "[:case, 3, 25, 2, 82, 5]": {
            "[:when, 4, 27, 4, 29, 15]": 0,
            "[:when, 5, 32, 4, 43, 7]": 1,
            "[:when, 6, 47, 4, 66, 7]": 0,
            "[:when, 7, 69, 4, 77, 15]": 0,
            "[:else, 8, 80, 4, 81, 15]": 0
          },
          "[:if, 9, 32, 4, 32, 56]": {
            "[:then, 10, 32, 4, 32, 25]": 1,
            "[:else, 11, 32, 4, 32, 56]": 0
          },
          "[:if, 12, 33, 4, 33, 76]": {
            "[:then, 13, 33, 4, 33, 38]": 1,
            "[:else, 14, 33, 4, 33, 76]": 0
          },
          "[:if, 15, 36, 4, 43, 7]": {
            "[:then, 16, 37, 6, 39, 17]": 1,
            "[:else, 17, 41, 6, 42, 49]": 0
          },
          "[:if, 18, 49, 4, 66, 7]": {
            "[:then, 19, 50, 6, 60, 9]": 0,
            "[:else, 20, 62, 6, 65, 56]": 0
          },
          "[:if, 21, 50, 6, 50, 62]": {
            "[:then, 22, 50, 6, 50, 31]": 0,
            "[:else, 23, 50, 6, 50, 62]": 0
          },
          "[:if, 24, 51, 6, 51, 72]": {
            "[:then, 25, 51, 6, 51, 37]": 0,
            "[:else, 26, 51, 6, 51, 72]": 0
          },
          "[:if, 27, 52, 6, 52, 78]": {
            "[:then, 28, 52, 6, 52, 40]": 0,
            "[:else, 29, 52, 6, 52, 78]": 0
          },
          "[:if, 30, 55, 6, 60, 9]": {
            "[:then, 31, 56, 15, 56, 32]": 0,
            "[:else, 32, 58, 8, 59, 58]": 0
          },
          "[:if, 33, 62, 6, 62, 58]": {
            "[:then, 34, 62, 6, 62, 27]": 0,
            "[:else, 35, 62, 6, 62, 58]": 0
          },
          "[:if, 36, 69, 4, 74, 7]": {
            "[:then, 37, 70, 6, 70, 62]": 0,
            "[:else, 38, 72, 6, 73, 52]": 0
          },
          "[:\"&.\", 39, 87, 16, 87, 39]": {
            "[:then, 40, 87, 16, 87, 39]": 1,
            "[:else, 41, 87, 16, 87, 39]": 0
          },
          "[:\"&.\", 42, 87, 16, 87, 68]": {
            "[:then, 43, 87, 16, 87, 68]": 1,
            "[:else, 44, 87, 16, 87, 68]": 0
          },
          "[:case, 45, 102, 4, 157, 7]": {
            "[:when, 46, 104, 6, 106, 18]": 0,
            "[:when, 47, 109, 6, 120, 9]": 0,
            "[:when, 48, 123, 6, 141, 9]": 0,
            "[:when, 49, 144, 6, 152, 18]": 0,
            "[:else, 50, 155, 6, 156, 18]": 0
          },
          "[:if, 51, 109, 6, 109, 58]": {
            "[:then, 52, 109, 6, 109, 27]": 0,
            "[:else, 53, 109, 6, 109, 58]": 0
          },
          "[:if, 54, 110, 6, 110, 78]": {
            "[:then, 55, 110, 6, 110, 40]": 0,
            "[:else, 56, 110, 6, 110, 78]": 0
          },
          "[:if, 57, 113, 6, 120, 9]": {
            "[:then, 58, 114, 8, 116, 20]": 0,
            "[:else, 59, 118, 8, 119, 52]": 0
          },
          "[:if, 60, 125, 6, 141, 9]": {
            "[:then, 61, 126, 8, 135, 11]": 0,
            "[:else, 62, 137, 8, 140, 59]": 0
          },
          "[:if, 63, 126, 8, 126, 64]": {
            "[:then, 64, 126, 8, 126, 33]": 0,
            "[:else, 65, 126, 8, 126, 64]": 0
          },
          "[:if, 66, 127, 8, 127, 74]": {
            "[:then, 67, 127, 8, 127, 39]": 0,
            "[:else, 68, 127, 8, 127, 74]": 0
          },
          "[:if, 69, 128, 8, 128, 80]": {
            "[:then, 70, 128, 8, 128, 42]": 0,
            "[:else, 71, 128, 8, 128, 80]": 0
          },
          "[:if, 72, 130, 8, 135, 11]": {
            "[:then, 73, 131, 17, 131, 34]": 0,
            "[:else, 74, 133, 10, 134, 61]": 0
          },
          "[:if, 75, 137, 8, 137, 60]": {
            "[:then, 76, 137, 8, 137, 29]": 0,
            "[:else, 77, 137, 8, 137, 60]": 0
          },
          "[:if, 78, 144, 6, 149, 9]": {
            "[:then, 79, 145, 8, 145, 64]": 0,
            "[:else, 80, 147, 8, 148, 54]": 0
          }
        }
      },
      "/home/runner/work/cs-uy-4513-f25-team7/cs-uy-4513-f25-team7/app/controllers/two_factor_controller.rb": {
        "lines": [
          1,
          1,
          1,
          null,
          3,
          3,
          null,
          null,
          null,
          3,
          3,
          3,
          null,
          3,
          3,
          null,
          3,
          null,
          null,
          3,
          3,
          null,
          3,
          null,
          null,
          1,
          3,
          3,
          1,
          null,
          null,
          2,
          2,
          1,
          1,
          null,
          1,
          null,
          null,
          null,
          1,
          1,
          1,
          0,
          null,
          null,
          null,
          null,
          1,
          1,
          1,
          0,
          null,
          null,
          1,
          1,
          0,
          0,
          0,
          null,
          1,
          1,
          1,
          null,
          null,
          null,
          null
        ],
        "branches": {
          "[:unless, 0, 5, 4, 7, 7]": {
            "[:else, 1, 5, 4, 7, 7]": 0,
            "[:then, 2, 6, 6, 6, 66]": 3
          },
          "[:\"&.\", 3, 28, 11, 28, 35]": {
            "[:then, 4, 28, 11, 28, 35]": 3,
            "[:else, 5, 28, 11, 28, 35]": 0
          },
          "[:unless, 6, 28, 4, 30, 7]": {
            "[:else, 7, 28, 4, 30, 7]": 2,
            "[:then, 8, 29, 6, 29, 96]": 1
          },
          "[:if, 9, 33, 4, 38, 7]": {
            "[:then, 10, 34, 6, 35, 90]": 1,
            "[:else, 11, 37, 6, 37, 89]": 1
          },
          "[:\"&.\", 12, 43, 11, 43, 37]": {
            "[:then, 13, 43, 11, 43, 37]": 1,
            "[:else, 14, 43, 11, 43, 37]": 0
          },
          "[:unless, 15, 43, 4, 45, 7]": {
            "[:else, 16, 43, 4, 45, 7]": 1,
            "[:then, 17, 44, 6, 44, 81]": 0
          },
          "[:\"&.\", 18, 51, 11, 51, 28]": {
            "[:then, 19, 51, 11, 51, 28]": 1,
            "[:else, 20, 51, 11, 51, 28]": 0
          },
          "[:unless, 21, 51, 4, 53, 7]": {
            "[:else, 22, 51, 4, 53, 7]": 1,
            "[:then, 23, 52, 6, 52, 81]": 0
          },
          "[:if, 24, 56, 4, 64, 7]": {
            "[:then, 25, 57, 6, 59, 48]": 0,
            "[:else, 26, 61, 6, 63, 43]": 1
          }
        }
      },
      "/home/runner/work/cs-uy-4513-f25-team7/cs-uy-4513-f25-team7/app/controllers/user_follows_controller.rb": {
        "lines": [
          1,
          1,
          1,
          null,
          1,
          2,
          0,
          null,
          null,
          2,
          2,
          1,
          1,
          null,
          null,
          1,
          null,
          1,
          1,
          1,
          null,
          0,
          null,
          null,
          null,
          1,
          0,
          0,
          0,
          0,
          null,
          0,
          null,
          null,
          null,
          1,
          null,
          1,
          2,
          null,
          null,
          1,
          3,
          null,
          1,
          1,
          null,
          null
        ],
        "branches": {
          "[:if, 0, 6, 4, 8, 7]": {
            "[:then, 1, 7, 6, 7, 71]": 0,
            "[:else, 2, 6, 4, 8, 7]": 2
          },
          "[:if, 3, 11, 4, 14, 7]": {
            "[:then, 4, 12, 6, 13, 12]": 1,
            "[:else, 5, 11, 4, 14, 7]": 1
          },
          "[:if, 6, 18, 4, 23, 7]": {
            "[:then, 7, 19, 6, 20, 48]": 1,
            "[:else, 8, 22, 6, 22, 75]": 0
          },
          "[:if, 9, 28, 4, 33, 7]": {
            "[:then, 10, 29, 6, 30, 75]": 0,
            "[:else, 11, 32, 6, 32, 69]": 0
          },
          "[:if, 12, 43, 4, 43, 29]": {
            "[:then, 13, 43, 4, 43, 10]": 2,
            "[:else, 14, 43, 4, 43, 29]": 1
          }
        }
      },
      "/home/runner/work/cs-uy-4513-f25-team7/cs-uy-4513-f25-team7/app/controllers/users_controller.rb": {
        "lines": [
          1,
          1,
          1,
          null,
          1,
          0,
          null,
          null,
          1,
          0,
          0,
          0,
          null,
          null,
          1,
          0,
          0,
          0,
          0,
          null,
          0,
          0,
          null,
          null,
          null,
          1,
          0,
          null,
          null,
          null,
          1,
          0,
          0,
          null,
          0,
          null,
          0,
          null,
          null,
          0,
          0,
          0,
          0,
          null,
          0,
          null,
          null,
          null,
          0,
          null,
          0,
          null,
          null,
          0,
          null,
          null,
          1,
          0,
          null,
          null,
          0,
          0,
          0,
          null,
          null,
          null,
          0,
          0,
          0,
          null,
          null,
          0,
          0,
          0,
          0,
          null,
          null,
          1,
          null,
          1,
          0,
          null,
          null,
          1,
          0,
          null,
          null
        ],
        "branches": {
          "[:if, 0, 12, 17, 12, 83]": {
            "[:then, 1, 12, 35, 12, 75]": 0,
            "[:else, 2, 12, 78, 12, 83]": 0
          },
          "[:if, 3, 17, 4, 23, 7]": {
            "[:then, 4, 18, 6, 19, 82]": 0,
            "[:else, 5, 21, 6, 22, 49]": 0
          },
          "[:if, 6, 35, 4, 52, 7]": {
            "[:then, 7, 37, 6, 46, 9]": 0,
            "[:else, 8, 49, 6, 51, 68]": 0
          },
          "[:if, 9, 40, 6, 46, 9]": {
            "[:then, 10, 41, 8, 41, 68]": 0,
            "[:else, 11, 42, 6, 45, 62]": 0
          },
          "[:if, 12, 42, 6, 45, 62]": {
            "[:then, 13, 43, 8, 43, 63]": 0,
            "[:else, 14, 45, 8, 45, 62]": 0
          },
          "[:if, 15, 61, 4, 64, 7]": {
            "[:then, 16, 62, 6, 63, 39]": 0,
            "[:else, 17, 61, 4, 64, 7]": 0
          },
          "[:if, 18, 67, 4, 70, 7]": {
            "[:then, 19, 68, 6, 69, 39]": 0,
            "[:else, 20, 67, 4, 70, 7]": 0
          }
        }
      },
      "/home/runner/work/cs-uy-4513-f25-team7/cs-uy-4513-f25-team7/app/controllers/api/lookup/species_controller.rb": {
        "lines": [
          null,
          1,
          1,
          1,
          1,
          null,
          1,
          5,
          5,
          null,
          null,
          4,
          null,
          null,
          4,
          0,
          null,
          0,
          0,
          null,
          null,
          null,
          null,
          4,
          null,
          3,
          null,
          null,
          null,
          null,
          null,
          null,
          null,
          1,
          null,
          null,
          1,
          0,
          null,
          null,
          null,
          null,
          1,
          3,
          null,
          null,
          3,
          null,
          null,
          null,
          null
        ],
        "branches": {
          "[:if, 0, 9, 8, 9, 46]": {
            "[:then, 1, 9, 8, 9, 30]": 1,
            "[:else, 2, 9, 8, 9, 46]": 4
          },
          "[:if, 3, 15, 8, 21, 11]": {
            "[:then, 4, 16, 10, 20, 13]": 0,
            "[:else, 5, 15, 8, 21, 11]": 4
          },
          "[:if, 6, 18, 10, 20, 13]": {
            "[:then, 7, 19, 12, 19, 87]": 0,
            "[:else, 8, 18, 10, 20, 13]": 0
          },
          "[:unless, 9, 44, 8, 44, 53]": {
            "[:else, 10, 44, 8, 44, 53]": 3,
            "[:then, 11, 44, 8, 44, 18]": 0
          }
        }
      },
      "/home/runner/work/cs-uy-4513-f25-team7/cs-uy-4513-f25-team7/app/jobs/application_job.rb": {
        "lines": [
          1,
          null,
          null,
          null,
          null,
          null,
          null
        ],
        "branches": {}
      },
      "/home/runner/work/cs-uy-4513-f25-team7/cs-uy-4513-f25-team7/app/mailers/application_mailer.rb": {
        "lines": [
          1,
          1,
          1,
          null
        ],
        "branches": {}
      },
      "/home/runner/work/cs-uy-4513-f25-team7/cs-uy-4513-f25-team7/app/models/application_record.rb": {
        "lines": [
          1,
          1,
          null
        ],
        "branches": {}
      },
      "/home/runner/work/cs-uy-4513-f25-team7/cs-uy-4513-f25-team7/app/models/comment.rb": {
        "lines": [
          1,
          1,
          null,
          1,
          1,
          null,
          1,
          null
        ],
        "branches": {}
      },
      "/home/runner/work/cs-uy-4513-f25-team7/cs-uy-4513-f25-team7/app/models/profanity_filter.rb": {
        "lines": [
          null,
          1,
          1,
          null,
          null,
          1,
          null,
          null,
          null,
          1,
          41,
          41,
          null,
          null,
          1,
          null,
          1,
          56,
          null,
          39,
          78,
          null,
          null,
          39,
          null,
          null,
          1,
          18,
          null,
          2,
          null,
          null,
          1,
          38,
          null,
          5,
          null,
          null
        ],
        "branches": {
          "[:if, 0, 18, 4, 18, 31]": {
            "[:then, 1, 18, 4, 18, 16]": 17,
            "[:else, 2, 18, 4, 18, 31]": 39
          },
          "[:unless, 3, 28, 4, 28, 44]": {
            "[:else, 4, 28, 4, 28, 44]": 2,
            "[:then, 5, 28, 4, 28, 10]": 16
          },
          "[:unless, 6, 34, 4, 34, 43]": {
            "[:else, 7, 34, 4, 34, 43]": 5,
            "[:then, 8, 34, 4, 34, 10]": 33
          }
        }
      },
      "/home/runner/work/cs-uy-4513-f25-team7/cs-uy-4513-f25-team7/app/models/dex_learnset.rb": {
        "lines": [
          1,
          1,
          1,
          null,
          1,
          null
        ],
        "branches": {}
      },
      "/home/runner/work/cs-uy-4513-f25-team7/cs-uy-4513-f25-team7/app/models/dex_move.rb": {
        "lines": [
          1,
          1,
          1,
          null,
          1,
          null,
          3,
          null,
          1,
          2,
          null,
          null
        ],
        "branches": {}
      },
      "/home/runner/work/cs-uy-4513-f25-team7/cs-uy-4513-f25-team7/app/models/dex_species.rb": {
        "lines": [
          1,
          1,
          1,
          1,
          null,
          null,
          1,
          11,
          11,
          null,
          8,
          null,
          null
        ],
        "branches": {
          "[:if, 0, 9, 4, 9, 30]": {
            "[:then, 1, 9, 4, 9, 15]": 3,
            "[:else, 2, 9, 4, 9, 30]": 8
          }
        }
      },
      "/home/runner/work/cs-uy-4513-f25-team7/cs-uy-4513-f25-team7/app/models/favorite.rb": {
        "lines": [
          1,
          1,
          1,
          null,
          1,
          1,
          1,
          1,
          null
        ],
        "branches": {}
      },
      "/home/runner/work/cs-uy-4513-f25-team7/cs-uy-4513-f25-team7/app/models/follow.rb": {
        "lines": [
          null,
          1,
          1,
          1,
          null,
          1,
          1,
          1,
          1,
          null,
          1,
          null,
          1,
          7,
          null,
          null
        ],
        "branches": {
          "[:if, 0, 14, 4, 14, 104]": {
            "[:then, 1, 14, 4, 14, 50]": 1,
            "[:else, 2, 14, 4, 14, 104]": 6
          }
        }
      },
      "/home/runner/work/cs-uy-4513-f25-team7/cs-uy-4513-f25-team7/app/models/message.rb": {
        "lines": [
          null,
          1,
          1,
          null,
          1,
          1,
          null,
          1,
          null,
          1,
          1,
          null,
          2,
          null,
          1,
          2,
          null,
          2,
          null,
          null
        ],
        "branches": {
          "[:unless, 0, 16, 4, 16, 30]": {
            "[:else, 1, 16, 4, 16, 30]": 2,
            "[:then, 2, 16, 4, 16, 10]": 0
          }
        }
      },
      "/home/runner/work/cs-uy-4513-f25-team7/cs-uy-4513-f25-team7/app/models/notification.rb": {
        "lines": [
          1,
          1,
          1,
          1,
          null,
          25,
          null,
          1,
          1,
          null,
          null,
          1,
          0,
          null,
          null
        ],
        "branches": {}
      },
      "/home/runner/work/cs-uy-4513-f25-team7/cs-uy-4513-f25-team7/app/models/post.rb": {
        "lines": [
          1,
          1,
          null,
          1,
          1,
          1,
          null,
          1,
          1,
          1,
          null,
          7,
          1,
          null
        ],
        "branches": {}
      },
      "/home/runner/work/cs-uy-4513-f25-team7/cs-uy-4513-f25-team7/app/models/review.rb": {
        "lines": [
          null,
          1,
          null,
          1,
          1,
          null,
          1,
          1,
          1,
          1,
          null,
          38,
          4,
          null,
          1,
          1,
          null,
          1,
          4,
          4,
          null,
          null,
          1,
          3,
          null,
          null,
          1,
          null,
          1,
          35,
          null,
          35,
          2,
          null,
          null,
          null,
          1,
          30,
          null,
          null,
          null
        ],
        "branches": {
          "[:unless, 0, 30, 4, 30, 30]": {
            "[:else, 1, 30, 4, 30, 30]": 35,
            "[:then, 2, 30, 4, 30, 10]": 0
          },
          "[:if, 3, 32, 4, 34, 7]": {
            "[:then, 4, 33, 6, 33, 58]": 2,
            "[:else, 5, 32, 4, 34, 7]": 33
          }
        }
      },
      "/home/runner/work/cs-uy-4513-f25-team7/cs-uy-4513-f25-team7/app/models/team.rb": {
        "lines": [
          1,
          1,
          1,
          64,
          1,
          null,
          1,
          null,
          1,
          null,
          null,
          1,
          null,
          1,
          1,
          null,
          1,
          null,
          1,
          61,
          0,
          null,
          null,
          null,
          1,
          61,
          null,
          null,
          1,
          4,
          null,
          null,
          null,
          null,
          1,
          5,
          null,
          5,
          15,
          null,
          15,
          3,
          3,
          3,
          null,
          12,
          12,
          null,
          null,
          null,
          5,
          5,
          null,
          null,
          null,
          1,
          5,
          null,
          null,
          1,
          1,
          null,
          null,
          null,
          1,
          30,
          30,
          30,
          30,
          null,
          null,
          null,
          1,
          0,
          null,
          null
        ],
        "branches": {
          "[:if, 0, 20, 4, 22, 7]": {
            "[:then, 1, 21, 6, 21, 61]": 0,
            "[:else, 2, 20, 4, 22, 7]": 61
          },
          "[:if, 3, 41, 6, 48, 9]": {
            "[:then, 4, 42, 8, 44, 35]": 3,
            "[:else, 5, 46, 8, 47, 34]": 12
          },
          "[:if, 6, 57, 4, 57, 39]": {
            "[:then, 7, 57, 19, 57, 27]": 2,
            "[:else, 8, 57, 30, 57, 39]": 3
          },
          "[:\"&.\", 9, 68, 26, 68, 68]": {
            "[:then, 10, 68, 26, 68, 68]": 23,
            "[:else, 11, 68, 26, 68, 68]": 7
          }
        }
      },
      "/home/runner/work/cs-uy-4513-f25-team7/cs-uy-4513-f25-team7/app/models/team_slot.rb": {
        "lines": [
          1,
          1,
          null,
          1,
          null,
          1,
          null,
          1,
          null,
          null,
          null,
          1,
          null,
          1,
          null,
          null,
          null,
          null,
          null,
          null,
          null,
          null,
          1,
          null,
          1,
          null,
          null,
          null,
          null,
          null,
          null,
          null,
          null,
          null,
          null,
          null,
          1,
          18,
          null,
          null,
          1,
          null,
          null,
          null,
          null,
          null,
          1,
          6,
          null,
          null,
          1,
          18,
          null,
          null,
          null,
          1,
          2,
          null,
          null,
          1,
          2,
          null,
          2,
          1,
          2,
          null,
          1,
          1,
          null,
          null,
          2,
          2,
          null,
          null
        ],
        "branches": {
          "[:if, 0, 63, 4, 69, 7]": {
            "[:then, 1, 64, 6, 65, 85]": 1,
            "[:else, 2, 67, 6, 68, 32]": 1
          },
          "[:if, 3, 71, 4, 71, 35]": {
            "[:then, 4, 71, 4, 71, 9]": 1,
            "[:else, 5, 71, 4, 71, 35]": 1
          }
        }
      },
      "/home/runner/work/cs-uy-4513-f25-team7/cs-uy-4513-f25-team7/app/models/user.rb": {
        "lines": [
          1,
          1,
          1,
          1,
          null,
          1,
          1,
          1,
          1,
          null,
          1,
          1,
          1,
          1,
          null,
          1,
          1,
          1,
          1,
          0,
          0,
          null,
          0,
          null,
          null,
          null,
          null,
          null,
          null,
          null,
          1,
          null,
          null,
          null,
          null,
          null,
          1,
          1,
          1,
          1,
          null,
          null,
          1,
          1,
          1,
          1,
          null,
          1,
          12,
          null,
          null,
          1,
          0,
          null,
          null,
          1,
          0,
          null,
          null,
          1,
          1,
          145,
          null,
          null,
          1,
          null,
          145,
          null,
          null,
          null,
          1,
          145,
          null,
          7,
          0,
          0,
          null,
          0,
          null,
          null,
          null,
          null,
          1,
          null,
          145,
          2,
          2,
          0,
          null,
          null,
          null,
          null,
          145,
          0,
          0,
          0,
          null,
          null,
          null,
          null,
          null
        ],
        "branches": {
          "[:if, 0, 21, 4, 21, 30]": {
            "[:then, 1, 21, 4, 21, 15]": 0,
            "[:else, 2, 21, 4, 21, 30]": 0
          },
          "[:unless, 3, 72, 4, 72, 28]": {
            "[:else, 4, 72, 4, 72, 28]": 7,
            "[:then, 5, 72, 4, 72, 10]": 138
          },
          "[:if, 6, 74, 4, 80, 7]": {
            "[:then, 7, 75, 6, 79, 9]": 0,
            "[:else, 8, 74, 4, 80, 7]": 7
          },
          "[:if, 9, 76, 6, 79, 9]": {
            "[:then, 10, 78, 8, 78, 81]": 0,
            "[:else, 11, 76, 6, 79, 9]": 0
          },
          "[:if, 12, 85, 4, 90, 7]": {
            "[:then, 13, 86, 6, 89, 9]": 2,
            "[:else, 14, 85, 4, 90, 7]": 143
          },
          "[:if, 15, 87, 6, 89, 9]": {
            "[:then, 16, 88, 8, 88, 72]": 0,
            "[:else, 17, 87, 6, 89, 9]": 2
          },
          "[:if, 18, 93, 4, 98, 7]": {
            "[:then, 19, 94, 6, 97, 9]": 0,
            "[:else, 20, 93, 4, 98, 7]": 145
          },
          "[:if, 21, 95, 6, 97, 9]": {
            "[:then, 22, 96, 8, 96, 77]": 0,
            "[:else, 23, 95, 6, 97, 9]": 0
          }
        }
      },
      "/home/runner/work/cs-uy-4513-f25-team7/cs-uy-4513-f25-team7/app/services/team_legality_checker.rb": {
        "lines": [
          1,
          1,
          3,
          null,
          null,
          1,
          3,
          null,
          3,
          3,
          3,
          null,
          null,
          null,
          3,
          null,
          null,
          1,
          null,
          1,
          null,
          3,
          3,
          null,
          3,
          null,
          null,
          2,
          2,
          1,
          1,
          null,
          null,
          null,
          1,
          null,
          1,
          1,
          1,
          1,
          null,
          null,
          null
        ],
        "branches": {
          "[:if, 0, 11, 6, 11, 66]": {
            "[:then, 1, 11, 6, 11, 35]": 3,
            "[:else, 2, 11, 6, 11, 66]": 0
          },
          "[:if, 3, 15, 4, 15, 60]": {
            "[:then, 4, 15, 4, 15, 30]": 3,
            "[:else, 5, 15, 4, 15, 60]": 0
          },
          "[:if, 6, 22, 4, 22, 55]": {
            "[:then, 7, 22, 4, 22, 24]": 3,
            "[:else, 8, 22, 4, 22, 55]": 0
          },
          "[:if, 9, 23, 4, 23, 73]": {
            "[:then, 10, 23, 4, 23, 32]": 3,
            "[:else, 11, 23, 4, 23, 73]": 0
          },
          "[:if, 12, 25, 4, 25, 33]": {
            "[:then, 13, 25, 4, 25, 10]": 1,
            "[:else, 14, 25, 4, 25, 33]": 2
          },
          "[:if, 15, 28, 4, 32, 7]": {
            "[:then, 16, 30, 6, 31, 96]": 1,
            "[:else, 17, 28, 4, 32, 7]": 1
          },
          "[:if, 18, 30, 6, 30, 56]": {
            "[:then, 19, 30, 6, 30, 25]": 1,
            "[:else, 20, 30, 6, 30, 56]": 0
          },
          "[:if, 21, 31, 6, 31, 96]": {
            "[:then, 22, 31, 6, 31, 55]": 1,
            "[:else, 23, 31, 6, 31, 96]": 0
          },
          "[:if, 24, 37, 6, 37, 51]": {
            "[:then, 25, 37, 34, 37, 45]": 1,
            "[:else, 26, 37, 48, 37, 51]": 0
          },
          "[:if, 27, 38, 6, 38, 51]": {
            "[:then, 28, 38, 34, 38, 45]": 1,
            "[:else, 29, 38, 48, 38, 51]": 0
          },
          "[:if, 30, 39, 6, 39, 51]": {
            "[:then, 31, 39, 34, 39, 45]": 1,
            "[:else, 32, 39, 48, 39, 51]": 0
          },
          "[:if, 33, 40, 6, 40, 51]": {
            "[:then, 34, 40, 34, 40, 45]": 1,
            "[:else, 35, 40, 48, 40, 51]": 0
          }
        }
      },
      "/home/runner/work/cs-uy-4513-f25-team7/cs-uy-4513-f25-team7/app/services/dex/learnset_checker.rb": {
        "lines": [
          null,
          1,
          1,
          null,
          null,
          null,
          null,
          null,
          null,
          1,
          16,
          16,
          null,
          16,
          null,
          11,
          44,
          null,
          44,
          4,
          null,
          40,
          null,
          null,
          null,
          null,
          null
        ],
        "branches": {
          "[:if, 0, 12, 21, 12, 63]": {
            "[:then, 1, 12, 48, 12, 58]": 16,
            "[:else, 2, 12, 61, 12, 63]": 0
          },
          "[:if, 3, 14, 6, 14, 54]": {
            "[:then, 4, 14, 6, 14, 15]": 5,
            "[:else, 5, 14, 6, 14, 54]": 11
          },
          "[:if, 6, 19, 8, 23, 11]": {
            "[:then, 7, 20, 10, 20, 14]": 4,
            "[:else, 8, 22, 10, 22, 15]": 40
          }
        }
      },
      "/home/runner/work/cs-uy-4513-f25-team7/cs-uy-4513-f25-team7/app/services/dex/pokeapi_importer.rb": {
        "lines": [
          null,
          1,
          1,
          null,
          1,
          1,
          1,
          null,
          null,
          1,
          0,
          null,
          null,
          null,
          1,
          3,
          null,
          null,
          1,
          1,
          null,
          1,
          1,
          1,
          1,
          null,
          null,
          null,
          null,
          null,
          null,
          null,
          1,
          4,
          null,
          null,
          4,
          4,
          null,
          4,
          4,
          4,
          null,
          null,
          4,
          4,
          null,
          null,
          1,
          null,
          1,
          null,
          null,
          null,
          null,
          null,
          4,
          4,
          4,
          null,
          4,
          4,
          null,
          4,
          4,
          4,
          4,
          null,
          4,
          null,
          null,
          null,
          null,
          null,
          null,
          null,
          null,
          null,
          null,
          1,
          0,
          0,
          null,
          0,
          0,
          null,
          null,
          0,
          null,
          null,
          null
        ],
        "branches": {
          "[:unless, 0, 59, 8, 59, 29]": {
            "[:else, 1, 59, 8, 59, 29]": 4,
            "[:then, 2, 59, 8, 59, 12]": 0
          },
          "[:unless, 3, 84, 6, 86, 9]": {
            "[:else, 4, 84, 6, 86, 9]": 0,
            "[:then, 5, 85, 8, 85, 59]": 0
          }
        }
      }
    },
    "timestamp": 1765478501
  },
  "Cucumber": {
    "coverage": {
      "/home/runner/work/cs-uy-4513-f25-team7/cs-uy-4513-f25-team7/lib/identity/lockout_tracker.rb": {
        "lines": [
          1,
          1,
          1,
          1,
          1,
          1,
          1,
          null,
          null,
          1,
          5,
          null,
          5,
          5,
          1,
          1,
          null,
          4,
          null,
          null,
          null,
          1,
          59,
          59,
          null,
          1,
          0,
          0,
          0,
          null,
          1,
          null,
          null,
          null,
          1,
          48,
          48,
          48,
          null,
          null,
          1,
          null,
          1,
          2,
          null,
          null,
          null
        ],
        "branches": {
          "[:if, 0, 11, 6, 11, 35]": {
            "[:then, 1, 11, 6, 11, 17]": 0,
            "[:else, 2, 11, 6, 11, 35]": 5
          },
          "[:if, 3, 14, 6, 19, 9]": {
            "[:then, 4, 15, 8, 16, 12]": 1,
            "[:else, 5, 18, 8, 18, 13]": 4
          },
          "[:unless, 6, 24, 6, 24, 36]": {
            "[:else, 7, 24, 6, 24, 36]": 1,
            "[:then, 8, 24, 6, 24, 18]": 58
          },
          "[:if, 9, 26, 6, 32, 9]": {
            "[:then, 10, 27, 8, 29, 13]": 0,
            "[:else, 11, 31, 8, 31, 12]": 1
          }
        }
      },
      "/home/runner/work/cs-uy-4513-f25-team7/cs-uy-4513-f25-team7/app/channels/application_cable/channel.rb": {
        "lines": [
          1,
          1,
          null,
          null
        ],
        "branches": {}
      },
      "/home/runner/work/cs-uy-4513-f25-team7/cs-uy-4513-f25-team7/app/channels/application_cable/connection.rb": {
        "lines": [
          1,
          1,
          null,
          null
        ],
        "branches": {}
      },
      "/home/runner/work/cs-uy-4513-f25-team7/cs-uy-4513-f25-team7/app/controllers/accounts_controller.rb": {
        "lines": [
          1,
          1,
          1,
          null,
          null,
          1,
          null,
          1,
          null,
          null,
          1,
          0,
          0,
          null,
          0,
          0,
          null,
          null,
          null,
          1,
          0,
          null,
          null,
          1,
          0,
          0,
          0,
          null,
          0,
          0,
          null,
          null,
          0,
          0,
          null,
          null,
          null,
          1,
          null,
          1,
          0,
          null,
          null,
          1,
          null,
          0,
          0,
          null,
          null,
          null
        ],
        "branches": {
          "[:if, 0, 12, 4, 17, 7]": {
            "[:then, 1, 13, 6, 13, 86]": 0,
            "[:else, 2, 15, 6, 16, 50]": 0
          },
          "[:if, 3, 25, 4, 35, 7]": {
            "[:then, 4, 26, 6, 31, 9]": 0,
            "[:else, 5, 33, 6, 34, 57]": 0
          },
          "[:if, 6, 26, 6, 31, 9]": {
            "[:then, 7, 27, 8, 27, 85]": 0,
            "[:else, 8, 29, 8, 30, 59]": 0
          },
          "[:if, 9, 46, 4, 48, 7]": {
            "[:then, 10, 47, 6, 47, 81]": 0,
            "[:else, 11, 46, 4, 48, 7]": 0
          }
        }
      },
      "/home/runner/work/cs-uy-4513-f25-team7/cs-uy-4513-f25-team7/app/controllers/application_controller.rb": {
        "lines": [
          1,
          1,
          null,
          1,
          1346,
          null,
          null,
          1,
          596,
          null,
          null,
          null,
          1,
          null,
          80,
          null,
          0,
          null,
          null,
          null,
          1,
          54,
          null,
          null,
          null,
          1,
          0,
          null,
          0,
          null,
          null,
          null,
          null,
          1,
          17,
          2,
          null,
          null,
          null,
          null,
          1,
          0,
          0,
          null,
          null,
          null,
          null,
          1,
          1,
          null,
          1,
          0,
          null,
          0,
          0,
          null,
          null
        ],
        "branches": {
          "[:if, 0, 15, 4, 15, 29]": {
            "[:then, 1, 15, 4, 15, 10]": 80,
            "[:else, 2, 15, 4, 15, 29]": 0
          },
          "[:unless, 3, 17, 4, 17, 60]": {
            "[:else, 4, 17, 4, 17, 60]": 0,
            "[:then, 5, 17, 4, 17, 37]": 0
          },
          "[:\"&.\", 6, 27, 11, 27, 35]": {
            "[:then, 7, 27, 11, 27, 35]": 0,
            "[:else, 8, 27, 11, 27, 35]": 0
          },
          "[:unless, 9, 27, 4, 30, 7]": {
            "[:else, 10, 27, 4, 30, 7]": 0,
            "[:then, 11, 29, 6, 29, 52]": 0
          },
          "[:\"&.\", 12, 35, 11, 35, 31]": {
            "[:then, 13, 35, 11, 35, 31]": 17,
            "[:else, 14, 35, 11, 35, 31]": 0
          },
          "[:unless, 15, 35, 4, 37, 7]": {
            "[:else, 16, 35, 4, 37, 7]": 15,
            "[:then, 17, 36, 6, 36, 52]": 2
          },
          "[:\"&.\", 18, 42, 11, 42, 35]": {
            "[:then, 19, 42, 11, 42, 35]": 0,
            "[:else, 20, 42, 11, 42, 35]": 0
          },
          "[:\"&.\", 21, 42, 39, 42, 59]": {
            "[:then, 22, 42, 39, 42, 59]": 0,
            "[:else, 23, 42, 39, 42, 59]": 0
          },
          "[:unless, 24, 42, 4, 44, 7]": {
            "[:else, 25, 42, 4, 44, 7]": 0,
            "[:then, 26, 43, 6, 43, 52]": 0
          },
          "[:if, 27, 52, 4, 52, 29]": {
            "[:then, 28, 52, 4, 52, 10]": 0,
            "[:else, 29, 52, 4, 52, 29]": 0
          }
        }
      },
      "/home/runner/work/cs-uy-4513-f25-team7/cs-uy-4513-f25-team7/app/helpers/application_helper.rb": {
        "lines": [
          1,
          null,
          1,
          178,
          178,
          null,
          null,
          null,
          1,
          178,
          null,
          null
        ],
        "branches": {
          "[:unless, 0, 4, 4, 4, 35]": {
            "[:else, 1, 4, 4, 4, 35]": 178,
            "[:then, 2, 4, 4, 4, 12]": 0
          }
        }
      },
      "/home/runner/work/cs-uy-4513-f25-team7/cs-uy-4513-f25-team7/app/controllers/comments_controller.rb": {
        "lines": [
          1,
          1,
          1,
          null,
          1,
          1,
          1,
          null,
          1,
          1,
          null,
          0,
          0,
          null,
          null,
          null,
          1,
          1,
          null,
          1,
          1,
          1,
          null,
          0,
          null,
          null,
          null,
          1,
          null,
          1,
          1,
          1,
          null,
          null,
          1,
          2,
          null,
          null,
          1,
          1,
          null,
          null,
          null
        ],
        "branches": {
          "[:if, 0, 9, 4, 14, 7]": {
            "[:then, 1, 10, 6, 10, 50]": 1,
            "[:else, 2, 12, 6, 13, 23]": 0
          },
          "[:if, 3, 20, 4, 25, 7]": {
            "[:then, 4, 21, 6, 22, 68]": 1,
            "[:else, 5, 24, 6, 24, 80]": 0
          },
          "[:unless, 6, 31, 4, 31, 36]": {
            "[:else, 7, 31, 4, 31, 36]": 1,
            "[:then, 8, 31, 4, 31, 16]": 0
          }
        }
      },
      "/home/runner/work/cs-uy-4513-f25-team7/cs-uy-4513-f25-team7/app/controllers/fake_post_store.rb": {
        "lines": [
          null,
          1,
          1,
          null,
          1,
          58,
          null,
          null,
          1,
          15,
          null,
          null,
          1,
          2,
          null,
          null
        ],
        "branches": {}
      },
      "/home/runner/work/cs-uy-4513-f25-team7/cs-uy-4513-f25-team7/app/controllers/favorites_controller.rb": {
        "lines": [
          1,
          1,
          1,
          null,
          1,
          1,
          null,
          null,
          1,
          2,
          2,
          null,
          2,
          2,
          1,
          1,
          null,
          null,
          1,
          1,
          1,
          1,
          null,
          0,
          null,
          null,
          null,
          1,
          0,
          0,
          0,
          null,
          null,
          1,
          null,
          1,
          0,
          null,
          null,
          1,
          2,
          2,
          2,
          null,
          2,
          2,
          null,
          2,
          null,
          null,
          1,
          1,
          1,
          1,
          null,
          1,
          null,
          null,
          1,
          2,
          null,
          2,
          null,
          0,
          null,
          null,
          1,
          3,
          null,
          0,
          0,
          null,
          null
        ],
        "branches": {
          "[:unless, 0, 11, 4, 11, 102]": {
            "[:else, 1, 11, 4, 11, 102]": 2,
            "[:then, 2, 11, 4, 11, 83]": 0
          },
          "[:if, 3, 14, 4, 17, 7]": {
            "[:then, 4, 15, 6, 16, 12]": 1,
            "[:else, 5, 14, 4, 17, 7]": 1
          },
          "[:if, 6, 20, 4, 25, 7]": {
            "[:then, 7, 21, 6, 22, 94]": 1,
            "[:else, 8, 24, 6, 24, 123]": 0
          },
          "[:unless, 9, 43, 4, 43, 46]": {
            "[:else, 10, 43, 4, 43, 46]": 2,
            "[:then, 11, 43, 4, 43, 10]": 0
          },
          "[:unless, 12, 46, 4, 46, 46]": {
            "[:else, 13, 46, 4, 46, 46]": 2,
            "[:then, 14, 46, 4, 46, 10]": 0
          },
          "[:unless, 15, 52, 4, 52, 49]": {
            "[:else, 16, 52, 4, 52, 49]": 1,
            "[:then, 17, 52, 4, 52, 10]": 0
          },
          "[:if, 18, 54, 4, 54, 35]": {
            "[:then, 19, 54, 4, 54, 10]": 0,
            "[:else, 20, 54, 4, 54, 35]": 1
          },
          "[:unless, 21, 60, 4, 60, 53]": {
            "[:else, 22, 60, 4, 60, 53]": 2,
            "[:then, 23, 60, 4, 60, 25]": 0
          },
          "[:if, 24, 68, 4, 68, 29]": {
            "[:then, 25, 68, 4, 68, 10]": 3,
            "[:else, 26, 68, 4, 68, 29]": 0
          }
        }
      },
      "/home/runner/work/cs-uy-4513-f25-team7/cs-uy-4513-f25-team7/app/controllers/feed_controller.rb": {
        "lines": [
          null,
          null,
          null,
          null,
          1,
          1,
          null,
          1,
          null,
          null,
          1,
          null,
          1,
          null,
          null,
          null,
          0,
          null,
          null,
          0,
          null,
          null,
          null,
          0,
          0,
          null,
          0,
          null,
          null,
          null,
          0,
          0,
          0,
          null,
          null,
          null,
          0,
          0,
          0,
          0,
          null,
          null,
          null,
          null,
          null,
          0,
          0,
          null,
          null,
          null,
          null,
          null,
          0,
          null,
          null,
          null,
          null,
          0,
          null,
          null,
          null,
          null,
          null,
          0,
          0,
          null,
          0,
          null,
          null,
          null,
          1,
          0,
          null,
          null,
          0,
          0,
          null,
          0,
          null,
          null,
          0,
          null,
          null,
          1,
          15,
          null,
          null,
          1,
          null,
          null,
          null,
          1,
[...]
          "[:if, 6, 35, 4, 52, 7]": {
            "[:then, 7, 37, 6, 46, 9]": 2,
            "[:else, 8, 49, 6, 51, 68]": 1
          },
          "[:if, 9, 40, 6, 46, 9]": {
            "[:then, 10, 41, 8, 41, 68]": 1,
            "[:else, 11, 42, 6, 45, 62]": 1
          },
          "[:if, 12, 42, 6, 45, 62]": {
            "[:then, 13, 43, 8, 43, 63]": 1,
            "[:else, 14, 45, 8, 45, 62]": 0
          },
          "[:if, 15, 61, 4, 64, 7]": {
            "[:then, 16, 62, 6, 63, 39]": 0,
            "[:else, 17, 61, 4, 64, 7]": 0
          },
          "[:if, 18, 67, 4, 70, 7]": {
            "[:then, 19, 68, 6, 69, 39]": 0,
            "[:else, 20, 67, 4, 70, 7]": 0
          }
        }
      },
      "/home/runner/work/cs-uy-4513-f25-team7/cs-uy-4513-f25-team7/app/controllers/api/lookup/species_controller.rb": {
        "lines": [
          null,
          1,
          1,
          1,
          1,
          null,
          1,
          4,
          4,
          null,
          null,
          4,
          null,
          null,
          4,
          0,
          null,
          0,
          0,
          null,
          null,
          null,
          null,
          4,
          null,
          3,
          null,
          null,
          null,
          null,
          null,
          null,
          null,
          1,
          null,
          null,
          1,
          0,
          null,
          null,
          null,
          null,
          1,
          3,
          null,
          null,
          3,
          null,
          null,
          null,
          null
        ],
        "branches": {
          "[:if, 0, 9, 8, 9, 46]": {
            "[:then, 1, 9, 8, 9, 30]": 0,
            "[:else, 2, 9, 8, 9, 46]": 4
          },
          "[:if, 3, 15, 8, 21, 11]": {
            "[:then, 4, 16, 10, 20, 13]": 0,
            "[:else, 5, 15, 8, 21, 11]": 4
          },
          "[:if, 6, 18, 10, 20, 13]": {
            "[:then, 7, 19, 12, 19, 87]": 0,
            "[:else, 8, 18, 10, 20, 13]": 0
          },
          "[:unless, 9, 44, 8, 44, 53]": {
            "[:else, 10, 44, 8, 44, 53]": 3,
            "[:then, 11, 44, 8, 44, 18]": 0
          }
        }
      },
      "/home/runner/work/cs-uy-4513-f25-team7/cs-uy-4513-f25-team7/app/jobs/application_job.rb": {
        "lines": [
          1,
          null,
          null,
          null,
          null,
          null,
          null
        ],
        "branches": {}
      },
      "/home/runner/work/cs-uy-4513-f25-team7/cs-uy-4513-f25-team7/app/mailers/application_mailer.rb": {
        "lines": [
          1,
          1,
          1,
          null
        ],
        "branches": {}
      },
      "/home/runner/work/cs-uy-4513-f25-team7/cs-uy-4513-f25-team7/app/models/application_record.rb": {
        "lines": [
          1,
          1,
          null
        ],
        "branches": {}
      },
      "/home/runner/work/cs-uy-4513-f25-team7/cs-uy-4513-f25-team7/app/models/comment.rb": {
        "lines": [
          1,
          1,
          null,
          1,
          1,
          null,
          1,
          null
        ],
        "branches": {}
      },
      "/home/runner/work/cs-uy-4513-f25-team7/cs-uy-4513-f25-team7/app/models/profanity_filter.rb": {
        "lines": [
          null,
          1,
          1,
          null,
          null,
          1,
          null,
          null,
          null,
          1,
          17,
          17,
          null,
          null,
          1,
          null,
          1,
          23,
          null,
          22,
          44,
          null,
          null,
          22,
          null,
          null,
          1,
          9,
          null,
          1,
          null,
          null,
          1,
          14,
          null,
          2,
          null,
          null
        ],
        "branches": {
          "[:if, 0, 18, 4, 18, 31]": {
            "[:then, 1, 18, 4, 18, 16]": 1,
            "[:else, 2, 18, 4, 18, 31]": 22
          },
          "[:unless, 3, 28, 4, 28, 44]": {
            "[:else, 4, 28, 4, 28, 44]": 1,
            "[:then, 5, 28, 4, 28, 10]": 8
          },
          "[:unless, 6, 34, 4, 34, 43]": {
            "[:else, 7, 34, 4, 34, 43]": 2,
            "[:then, 8, 34, 4, 34, 10]": 12
          }
        }
      },
      "/home/runner/work/cs-uy-4513-f25-team7/cs-uy-4513-f25-team7/app/models/dex_learnset.rb": {
        "lines": [
          1,
          1,
          1,
          null,
          1,
          null
        ],
        "branches": {}
      },
      "/home/runner/work/cs-uy-4513-f25-team7/cs-uy-4513-f25-team7/app/models/dex_move.rb": {
        "lines": [
          1,
          1,
          1,
          null,
          1,
          null,
          1,
          null,
          1,
          0,
          null,
          null
        ],
        "branches": {}
      },
      "/home/runner/work/cs-uy-4513-f25-team7/cs-uy-4513-f25-team7/app/models/dex_species.rb": {
        "lines": [
          1,
          1,
          1,
          1,
          null,
          null,
          1,
          4,
          4,
          null,
          4,
          null,
          null
        ],
        "branches": {
          "[:if, 0, 9, 4, 9, 30]": {
            "[:then, 1, 9, 4, 9, 15]": 0,
            "[:else, 2, 9, 4, 9, 30]": 4
          }
        }
      },
      "/home/runner/work/cs-uy-4513-f25-team7/cs-uy-4513-f25-team7/app/models/favorite.rb": {
        "lines": [
          1,
          1,
          1,
          null,
          1,
          1,
          1,
          1,
          null
        ],
        "branches": {}
      },
      "/home/runner/work/cs-uy-4513-f25-team7/cs-uy-4513-f25-team7/app/models/follow.rb": {
        "lines": [
          null,
          1,
          1,
          1,
          null,
          1,
          1,
          1,
          1,
          null,
          1,
          null,
          1,
          2,
          null,
          null
        ],
        "branches": {
          "[:if, 0, 14, 4, 14, 104]": {
            "[:then, 1, 14, 4, 14, 50]": 0,
            "[:else, 2, 14, 4, 14, 104]": 2
          }
        }
      },
      "/home/runner/work/cs-uy-4513-f25-team7/cs-uy-4513-f25-team7/app/models/message.rb": {
        "lines": [
          null,
          1,
          1,
          null,
          1,
          1,
          null,
          1,
          null,
          1,
          1,
          null,
          1,
          null,
          1,
          0,
          null,
          0,
          null,
          null
        ],
        "branches": {
          "[:unless, 0, 16, 4, 16, 30]": {
            "[:else, 1, 16, 4, 16, 30]": 0,
            "[:then, 2, 16, 4, 16, 10]": 0
          }
        }
      },
      "/home/runner/work/cs-uy-4513-f25-team7/cs-uy-4513-f25-team7/app/models/notification.rb": {
        "lines": [
          1,
          1,
          1,
          1,
          null,
          181,
          null,
          1,
          0,
          null,
          null,
          1,
          2,
          null,
          null
        ],
        "branches": {}
      },
      "/home/runner/work/cs-uy-4513-f25-team7/cs-uy-4513-f25-team7/app/models/post.rb": {
        "lines": [
          1,
          1,
          null,
          1,
          1,
          1,
          null,
          1,
          1,
          1,
          null,
          5,
          2,
          null
        ],
        "branches": {}
      },
      "/home/runner/work/cs-uy-4513-f25-team7/cs-uy-4513-f25-team7/app/models/review.rb": {
        "lines": [
          null,
          1,
          null,
          1,
          1,
          null,
          1,
          1,
          1,
          1,
          null,
          56,
          17,
          null,
          1,
          1,
          null,
          1,
          1,
          1,
          null,
          null,
          1,
          0,
          null,
          null,
          1,
          null,
          1,
          9,
          null,
          9,
          0,
          null,
          null,
          null,
          1,
          11,
          null,
          null,
          null
        ],
        "branches": {
          "[:unless, 0, 30, 4, 30, 30]": {
            "[:else, 1, 30, 4, 30, 30]": 9,
            "[:then, 2, 30, 4, 30, 10]": 0
          },
          "[:if, 3, 32, 4, 34, 7]": {
            "[:then, 4, 33, 6, 33, 58]": 0,
            "[:else, 5, 32, 4, 34, 7]": 9
          }
        }
      },
      "/home/runner/work/cs-uy-4513-f25-team7/cs-uy-4513-f25-team7/app/models/team.rb": {
        "lines": [
          1,
          1,
          1,
          91,
          1,
          null,
          1,
          null,
          1,
          null,
          null,
          1,
          null,
          1,
          1,
          null,
          1,
          null,
          1,
          27,
          0,
          null,
          null,
          null,
          1,
          27,
          null,
          null,
          1,
          26,
          null,
          null,
          null,
          null,
          1,
          7,
          null,
          7,
          42,
          null,
          42,
          3,
          3,
          3,
          null,
          39,
          39,
          null,
          null,
          null,
          7,
          7,
          null,
          null,
          null,
          1,
          30,
          null,
          null,
          1,
          1,
          null,
          null,
          null,
          1,
          11,
          11,
          11,
          11,
          null,
          null,
          null,
          1,
          0,
          null,
          null
        ],
        "branches": {
          "[:if, 0, 20, 4, 22, 7]": {
            "[:then, 1, 21, 6, 21, 61]": 0,
            "[:else, 2, 20, 4, 22, 7]": 27
          },
          "[:if, 3, 41, 6, 48, 9]": {
            "[:then, 4, 42, 8, 44, 35]": 3,
            "[:else, 5, 46, 8, 47, 34]": 39
          },
          "[:if, 6, 57, 4, 57, 39]": {
            "[:then, 7, 57, 19, 57, 27]": 17,
            "[:else, 8, 57, 30, 57, 39]": 13
          },
          "[:\"&.\", 9, 68, 26, 68, 68]": {
            "[:then, 10, 68, 26, 68, 68]": 8,
            "[:else, 11, 68, 26, 68, 68]": 3
          }
        }
      },
      "/home/runner/work/cs-uy-4513-f25-team7/cs-uy-4513-f25-team7/app/models/team_slot.rb": {
        "lines": [
          1,
          1,
          null,
          1,
          null,
          1,
          null,
          1,
          null,
          null,
          null,
          1,
          null,
          0,
          null,
          null,
          null,
          null,
          null,
          null,
          null,
          null,
          1,
          null,
          0,
          null,
          null,
          null,
          null,
          null,
          null,
          null,
          null,
          null,
          null,
          null,
          1,
          45,
          null,
          null,
          1,
          null,
          null,
          null,
          null,
          null,
          1,
          0,
          null,
          null,
          1,
          42,
          null,
          null,
          null,
          1,
          0,
          null,
          null,
          1,
          0,
          null,
          0,
          0,
          0,
          null,
          0,
          0,
          null,
          null,
          0,
          0,
          null,
          null
        ],
        "branches": {
          "[:if, 0, 63, 4, 69, 7]": {
            "[:then, 1, 64, 6, 65, 85]": 0,
            "[:else, 2, 67, 6, 68, 32]": 0
          },
          "[:if, 3, 71, 4, 71, 35]": {
            "[:then, 4, 71, 4, 71, 9]": 0,
            "[:else, 5, 71, 4, 71, 35]": 0
          }
        }
      },
      "/home/runner/work/cs-uy-4513-f25-team7/cs-uy-4513-f25-team7/app/models/user.rb": {
        "lines": [
          1,
          1,
          1,
          1,
          null,
          1,
          1,
          1,
          1,
          null,
          1,
          1,
          1,
          1,
          null,
          1,
          1,
          1,
          1,
          0,
          0,
          null,
          0,
          null,
          null,
          null,
          null,
          null,
          null,
          null,
          1,
          null,
          null,
          null,
          null,
          null,
          1,
          1,
          1,
          1,
          null,
          null,
          1,
          1,
          1,
          1,
          null,
          1,
          156,
          null,
          null,
          1,
          0,
          null,
          null,
          1,
          0,
          null,
          null,
          1,
          1,
          97,
          null,
          null,
          1,
          null,
          97,
          null,
          null,
          null,
          1,
          97,
          null,
          9,
          2,
          2,
          null,
          1,
          null,
          null,
          null,
          null,
          1,
          null,
          97,
          8,
          8,
          0,
          null,
          null,
          null,
          null,
          97,
          0,
          0,
          0,
          null,
          null,
          null,
          null,
          null
        ],
        "branches": {
          "[:if, 0, 21, 4, 21, 30]": {
            "[:then, 1, 21, 4, 21, 15]": 0,
            "[:else, 2, 21, 4, 21, 30]": 0
          },
          "[:unless, 3, 72, 4, 72, 28]": {
            "[:else, 4, 72, 4, 72, 28]": 9,
            "[:then, 5, 72, 4, 72, 10]": 88
          },
          "[:if, 6, 74, 4, 80, 7]": {
            "[:then, 7, 75, 6, 79, 9]": 2,
            "[:else, 8, 74, 4, 80, 7]": 7
          },
          "[:if, 9, 76, 6, 79, 9]": {
            "[:then, 10, 78, 8, 78, 81]": 1,
            "[:else, 11, 76, 6, 79, 9]": 1
          },
          "[:if, 12, 85, 4, 90, 7]": {
            "[:then, 13, 86, 6, 89, 9]": 8,
            "[:else, 14, 85, 4, 90, 7]": 89
          },
          "[:if, 15, 87, 6, 89, 9]": {
            "[:then, 16, 88, 8, 88, 72]": 0,
            "[:else, 17, 87, 6, 89, 9]": 8
          },
          "[:if, 18, 93, 4, 98, 7]": {
            "[:then, 19, 94, 6, 97, 9]": 0,
            "[:else, 20, 93, 4, 98, 7]": 97
          },
          "[:if, 21, 95, 6, 97, 9]": {
            "[:then, 22, 96, 8, 96, 77]": 0,
            "[:else, 23, 95, 6, 97, 9]": 0
          }
        }
      },
      "/home/runner/work/cs-uy-4513-f25-team7/cs-uy-4513-f25-team7/app/services/team_legality_checker.rb": {
        "lines": [
          1,
          1,
          0,
          null,
          null,
          1,
          0,
          null,
          0,
          0,
          0,
          null,
          null,
          null,
          0,
          null,
          null,
          1,
          null,
          1,
          null,
          0,
          0,
          null,
          0,
          null,
          null,
          0,
          0,
          0,
          0,
          null,
          null,
          null,
          1,
          null,
          0,
          0,
          0,
          0,
          null,
          null,
          null
        ],
        "branches": {
          "[:if, 0, 11, 6, 11, 66]": {
            "[:then, 1, 11, 6, 11, 35]": 0,
            "[:else, 2, 11, 6, 11, 66]": 0
          },
          "[:if, 3, 15, 4, 15, 60]": {
            "[:then, 4, 15, 4, 15, 30]": 0,
            "[:else, 5, 15, 4, 15, 60]": 0
          },
          "[:if, 6, 22, 4, 22, 55]": {
            "[:then, 7, 22, 4, 22, 24]": 0,
            "[:else, 8, 22, 4, 22, 55]": 0
          },
          "[:if, 9, 23, 4, 23, 73]": {
            "[:then, 10, 23, 4, 23, 32]": 0,
            "[:else, 11, 23, 4, 23, 73]": 0
          },
          "[:if, 12, 25, 4, 25, 33]": {
            "[:then, 13, 25, 4, 25, 10]": 0,
            "[:else, 14, 25, 4, 25, 33]": 0
          },
          "[:if, 15, 28, 4, 32, 7]": {
            "[:then, 16, 30, 6, 31, 96]": 0,
            "[:else, 17, 28, 4, 32, 7]": 0
          },
          "[:if, 18, 30, 6, 30, 56]": {
            "[:then, 19, 30, 6, 30, 25]": 0,
            "[:else, 20, 30, 6, 30, 56]": 0
          },
          "[:if, 21, 31, 6, 31, 96]": {
            "[:then, 22, 31, 6, 31, 55]": 0,
            "[:else, 23, 31, 6, 31, 96]": 0
          },
          "[:if, 24, 37, 6, 37, 51]": {
            "[:then, 25, 37, 34, 37, 45]": 0,
            "[:else, 26, 37, 48, 37, 51]": 0
          },
          "[:if, 27, 38, 6, 38, 51]": {
            "[:then, 28, 38, 34, 38, 45]": 0,
            "[:else, 29, 38, 48, 38, 51]": 0
          },
          "[:if, 30, 39, 6, 39, 51]": {
            "[:then, 31, 39, 34, 39, 45]": 0,
            "[:else, 32, 39, 48, 39, 51]": 0
          },
          "[:if, 33, 40, 6, 40, 51]": {
            "[:then, 34, 40, 34, 40, 45]": 0,
            "[:else, 35, 40, 48, 40, 51]": 0
          }
        }
      },
      "/home/runner/work/cs-uy-4513-f25-team7/cs-uy-4513-f25-team7/app/services/dex/learnset_checker.rb": {
        "lines": [
          null,
          1,
          1,
          null,
          null,
          null,
          null,
          null,
          null,
          1,
          45,
          45,
          null,
          45,
          null,
          13,
          37,
          null,
          37,
          6,
          null,
          31,
          null,
          null,
          null,
          null,
          null
        ],
        "branches": {
          "[:if, 0, 12, 21, 12, 63]": {
            "[:then, 1, 12, 48, 12, 58]": 45,
            "[:else, 2, 12, 61, 12, 63]": 0
          },
          "[:if, 3, 14, 6, 14, 54]": {
            "[:then, 4, 14, 6, 14, 15]": 32,
            "[:else, 5, 14, 6, 14, 54]": 13
          },
          "[:if, 6, 19, 8, 23, 11]": {
            "[:then, 7, 20, 10, 20, 14]": 6,
            "[:else, 8, 22, 10, 22, 15]": 31
          }
        }
      },
      "/home/runner/work/cs-uy-4513-f25-team7/cs-uy-4513-f25-team7/app/services/dex/pokeapi_importer.rb": {
        "lines": [
          null,
          1,
          1,
          null,
          1,
          1,
          1,
          null,
          null,
          1,
          0,
          null,
          null,
          null,
          1,
          0,
          null,
          null,
          1,
          0,
          null,
          0,
          0,
          0,
          0,
          null,
          null,
          null,
          null,
          null,
          null,
          null,
          1,
          0,
          null,
          null,
          0,
          0,
          null,
          0,
          0,
          0,
          null,
          null,
          0,
          0,
          null,
          null,
          1,
          null,
          1,
          null,
          null,
          null,
          null,
          null,
          0,
          0,
          0,
          null,
          0,
          0,
          null,
          0,
          0,
          0,
          0,
          null,
          0,
          null,
          null,
          null,
          null,
          null,
          null,
          null,
          null,
          null,
          null,
          1,
          0,
          0,
          null,
          0,
          0,
          null,
          null,
          0,
          null,
          null,
          null
        ],
        "branches": {
          "[:unless, 0, 59, 8, 59, 29]": {
            "[:else, 1, 59, 8, 59, 29]": 0,
            "[:then, 2, 59, 8, 59, 12]": 0
          },
          "[:unless, 3, 84, 6, 86, 9]": {
            "[:else, 4, 84, 6, 86, 9]": 0,
            "[:then, 5, 85, 8, 85, 59]": 0
          }
        }
      }
    },
    "timestamp": 1765478511
  }
}
